# JRE version: Java(TM) SE Runtime Environment (8.0_25-b18) (build 1.8.0_25-b18)
# Java VM: Java HotSpot(TM) 64-Bit Server VM (25.25-b02 mixed mode windows-amd64 compressed oops)
Heap:
 PSYoungGen      total 95232K, used 33738K [0x00000000eab00000, 0x00000000f1200000, 0x0000000100000000)
  eden space 86016K, 33% used [0x00000000eab00000,0x00000000ec733b38,0x00000000eff00000)
  from space 9216K, 52% used [0x00000000f0900000,0x00000000f0dbf080,0x00000000f1200000)
  to   space 9728K, 0% used [0x00000000eff00000,0x00000000eff00000,0x00000000f0880000)
 ParOldGen       total 59392K, used 26327K [0x00000000c0000000, 0x00000000c3a00000, 0x00000000eab00000)
  object space 59392K, 44% used [0x00000000c0000000,0x00000000c19b5c18,0x00000000c3a00000)
 Metaspace       used 40383K, capacity 42126K, committed 42368K, reserved 1085440K
  class space    used 5280K, capacity 5972K, committed 6016K, reserved 1048576K
GC Heap History (10 events):
Event: 87.051 GC heap before
{Heap before GC invocations=19 (full 1):
 PSYoungGen      total 75264K, used 35893K [0x00000000eab00000, 0x00000000f1300000, 0x0000000100000000)
  eden space 67584K, 41% used [0x00000000eab00000,0x00000000ec695640,0x00000000eed00000)
  from space 7680K, 99% used [0x00000000eed00000,0x00000000ef478010,0x00000000ef480000)
  to   space 10240K, 0% used [0x00000000f0900000,0x00000000f0900000,0x00000000f1300000)
 ParOldGen       total 29696K, used 16202K [0x00000000c0000000, 0x00000000c1d00000, 0x00000000eab00000)
  object space 29696K, 54% used [0x00000000c0000000,0x00000000c0fd29e8,0x00000000c1d00000)
 Metaspace       used 34294K, capacity 35390K, committed 35456K, reserved 1079296K
  class space    used 4532K, capacity 4980K, committed 4992K, reserved 1048576K
Event: 87.109 GC heap after
Heap after GC invocations=19 (full 1):
 PSYoungGen      total 95232K, used 3529K [0x00000000eab00000, 0x00000000f1200000, 0x0000000100000000)
  eden space 86016K, 0% used [0x00000000eab00000,0x00000000eab00000,0x00000000eff00000)
  from space 9216K, 38% used [0x00000000f0900000,0x00000000f0c726d0,0x00000000f1200000)
  to   space 9728K, 0% used [0x00000000eff00000,0x00000000eff00000,0x00000000f0880000)
 ParOldGen       total 29696K, used 23818K [0x00000000c0000000, 0x00000000c1d00000, 0x00000000eab00000)
  object space 29696K, 80% used [0x00000000c0000000,0x00000000c1742a18,0x00000000c1d00000)
 Metaspace       used 34294K, capacity 35390K, committed 35456K, reserved 1079296K
  class space    used 4532K, capacity 4980K, committed 4992K, reserved 1048576K
}
Event: 87.109 GC heap before
{Heap before GC invocations=20 (full 2):
 PSYoungGen      total 95232K, used 3529K [0x00000000eab00000, 0x00000000f1200000, 0x0000000100000000)
  eden space 86016K, 0% used [0x00000000eab00000,0x00000000eab00000,0x00000000eff00000)
  from space 9216K, 38% used [0x00000000f0900000,0x00000000f0c726d0,0x00000000f1200000)
  to   space 9728K, 0% used [0x00000000eff00000,0x00000000eff00000,0x00000000f0880000)
 ParOldGen       total 29696K, used 23818K [0x00000000c0000000, 0x00000000c1d00000, 0x00000000eab00000)
  object space 29696K, 80% used [0x00000000c0000000,0x00000000c1742a18,0x00000000c1d00000)
 Metaspace       used 34294K, capacity 35390K, committed 35456K, reserved 1079296K
  class space    used 4532K, capacity 4980K, committed 4992K, reserved 1048576K
Event: 87.679 GC heap after
Heap after GC invocations=20 (full 2):
 PSYoungGen      total 95232K, used 0K [0x00000000eab00000, 0x00000000f1200000, 0x0000000100000000)
  eden space 86016K, 0% used [0x00000000eab00000,0x00000000eab00000,0x00000000eff00000)
  from space 9216K, 0% used [0x00000000f0900000,0x00000000f0900000,0x00000000f1200000)
  to   space 9728K, 0% used [0x00000000eff00000,0x00000000eff00000,0x00000000f0880000)
 ParOldGen       total 59392K, used 24358K [0x00000000c0000000, 0x00000000c3a00000, 0x00000000eab00000)
  object space 59392K, 41% used [0x00000000c0000000,0x00000000c17c9898,0x00000000c3a00000)
 Metaspace       used 34294K, capacity 35390K, committed 35456K, reserved 1079296K
  class space    used 4532K, capacity 4980K, committed 4992K, reserved 1048576K
}
Event: 92.835 GC heap before
{Heap before GC invocations=21 (full 2):
 PSYoungGen      total 95232K, used 29117K [0x00000000eab00000, 0x00000000f1200000, 0x0000000100000000)
  eden space 86016K, 33% used [0x00000000eab00000,0x00000000ec76f5b0,0x00000000eff00000)
  from space 9216K, 0% used [0x00000000f0900000,0x00000000f0900000,0x00000000f1200000)
  to   space 9728K, 0% used [0x00000000eff00000,0x00000000eff00000,0x00000000f0880000)
 ParOldGen       total 59392K, used 24358K [0x00000000c0000000, 0x00000000c3a00000, 0x00000000eab00000)
  object space 59392K, 41% used [0x00000000c0000000,0x00000000c17c9898,0x00000000c3a00000)
 Metaspace       used 36919K, capacity 38106K, committed 38400K, reserved 1083392K
  class space    used 4873K, capacity 5302K, committed 5376K, reserved 1048576K
Event: 92.857 GC heap after
Heap after GC invocations=21 (full 2):
 PSYoungGen      total 95744K, used 4009K [0x00000000eab00000, 0x00000000f1200000, 0x0000000100000000)
  eden space 86016K, 0% used [0x00000000eab00000,0x00000000eab00000,0x00000000eff00000)
  from space 9728K, 41% used [0x00000000eff00000,0x00000000f02ea7e0,0x00000000f0880000)
  to   space 9216K, 0% used [0x00000000f0900000,0x00000000f0900000,0x00000000f1200000)
 ParOldGen       total 59392K, used 24366K [0x00000000c0000000, 0x00000000c3a00000, 0x00000000eab00000)
  object space 59392K, 41% used [0x00000000c0000000,0x00000000c17cb898,0x00000000c3a00000)
 Metaspace       used 36919K, capacity 38106K, committed 38400K, reserved 1083392K
  class space    used 4873K, capacity 5302K, committed 5376K, reserved 1048576K
}
Event: 92.857 GC heap before
{Heap before GC invocations=22 (full 3):
 PSYoungGen      total 95744K, used 4009K [0x00000000eab00000, 0x00000000f1200000, 0x0000000100000000)
  eden space 86016K, 0% used [0x00000000eab00000,0x00000000eab00000,0x00000000eff00000)
  from space 9728K, 41% used [0x00000000eff00000,0x00000000f02ea7e0,0x00000000f0880000)
  to   space 9216K, 0% used [0x00000000f0900000,0x00000000f0900000,0x00000000f1200000)
 ParOldGen       total 59392K, used 24366K [0x00000000c0000000, 0x00000000c3a00000, 0x00000000eab00000)
  object space 59392K, 41% used [0x00000000c0000000,0x00000000c17cb898,0x00000000c3a00000)
 Metaspace       used 36919K, capacity 38106K, committed 38400K, reserved 1083392K
  class space    used 4873K, capacity 5302K, committed 5376K, reserved 1048576K
Event: 93.402 GC heap after
Heap after GC invocations=22 (full 3):
 PSYoungGen      total 95744K, used 0K [0x00000000eab00000, 0x00000000f1200000, 0x0000000100000000)
  eden space 86016K, 0% used [0x00000000eab00000,0x00000000eab00000,0x00000000eff00000)
  from space 9728K, 0% used [0x00000000eff00000,0x00000000eff00000,0x00000000f0880000)
  to   space 9216K, 0% used [0x00000000f0900000,0x00000000f0900000,0x00000000f1200000)
 ParOldGen       total 59392K, used 26319K [0x00000000c0000000, 0x00000000c3a00000, 0x00000000eab00000)
  object space 59392K, 44% used [0x00000000c0000000,0x00000000c19b3c18,0x00000000c3a00000)
 Metaspace       used 36886K, capacity 37992K, committed 38400K, reserved 1083392K
  class space    used 4866K, capacity 5268K, committed 5376K, reserved 1048576K
}
Event: 477.057 GC heap before
{Heap before GC invocations=23 (full 3):
 PSYoungGen      total 95744K, used 86016K [0x00000000eab00000, 0x00000000f1200000, 0x0000000100000000)
  eden space 86016K, 100% used [0x00000000eab00000,0x00000000eff00000,0x00000000eff00000)
  from space 9728K, 0% used [0x00000000eff00000,0x00000000eff00000,0x00000000f0880000)
  to   space 9216K, 0% used [0x00000000f0900000,0x00000000f0900000,0x00000000f1200000)
 ParOldGen       total 59392K, used 26319K [0x00000000c0000000, 0x00000000c3a00000, 0x00000000eab00000)
  object space 59392K, 44% used [0x00000000c0000000,0x00000000c19b3c18,0x00000000c3a00000)
 Metaspace       used 38521K, capacity 40254K, committed 40320K, reserved 1083392K
  class space    used 5061K, capacity 5694K, committed 5760K, reserved 1048576K
Event: 477.070 GC heap after
Heap after GC invocations=23 (full 3):
 PSYoungGen      total 95232K, used 4860K [0x00000000eab00000, 0x00000000f1200000, 0x0000000100000000)
  eden space 86016K, 0% used [0x00000000eab00000,0x00000000eab00000,0x00000000eff00000)
  from space 9216K, 52% used [0x00000000f0900000,0x00000000f0dbf080,0x00000000f1200000)
  to   space 9728K, 0% used [0x00000000eff00000,0x00000000eff00000,0x00000000f0880000)
 ParOldGen       total 59392K, used 26327K [0x00000000c0000000, 0x00000000c3a00000, 0x00000000eab00000)
  object space 59392K, 44% used [0x00000000c0000000,0x00000000c19b5c18,0x00000000c3a00000)
 Metaspace       used 38521K, capacity 40254K, committed 40320K, reserved 1083392K
  class space    used 5061K, capacity 5694K, committed 5760K, reserved 1048576K
}

