# JRE version: Java(TM) SE Runtime Environment (8.0_25-b18) (build 1.8.0_25-b18)
# Java VM: Java HotSpot(TM) 64-Bit Server VM (25.25-b02 mixed mode windows-amd64 compressed oops)
Heap:
 PSYoungGen      total 83456K, used 23792K [0x00000000eab00000, 0x00000000f0a80000, 0x0000000100000000)
  eden space 74752K, 31% used [0x00000000eab00000,0x00000000ec23c3b0,0x00000000ef400000)
  from space 8704K, 0% used [0x00000000efe00000,0x00000000efe00000,0x00000000f0680000)
  to   space 10240K, 0% used [0x00000000ef400000,0x00000000ef400000,0x00000000efe00000)
 ParOldGen       total 67584K, used 25588K [0x00000000c0000000, 0x00000000c4200000, 0x00000000eab00000)
  object space 67584K, 37% used [0x00000000c0000000,0x00000000c18fd158,0x00000000c4200000)
 Metaspace       used 37184K, capacity 38580K, committed 38696K, reserved 1083392K
  class space    used 4902K, capacity 5413K, committed 5416K, reserved 1048576K
GC Heap History (10 events):
Event: 36.319 GC heap before
{Heap before GC invocations=16 (full 1):
 PSYoungGen      total 48640K, used 46205K [0x00000000eab00000, 0x00000000ee280000, 0x0000000100000000)
  eden space 43520K, 100% used [0x00000000eab00000,0x00000000ed580000,0x00000000ed580000)
  from space 5120K, 52% used [0x00000000edd80000,0x00000000ee01f560,0x00000000ee280000)
  to   space 6656K, 0% used [0x00000000ed580000,0x00000000ed580000,0x00000000edc00000)
 ParOldGen       total 32768K, used 7686K [0x00000000c0000000, 0x00000000c2000000, 0x00000000eab00000)
  object space 32768K, 23% used [0x00000000c0000000,0x00000000c07819d8,0x00000000c2000000)
 Metaspace       used 24955K, capacity 25658K, committed 25856K, reserved 1071104K
  class space    used 3272K, capacity 3518K, committed 3584K, reserved 1048576K
Event: 36.349 GC heap after
Heap after GC invocations=16 (full 1):
 PSYoungGen      total 50176K, used 5002K [0x00000000eab00000, 0x00000000ef500000, 0x0000000100000000)
  eden space 43520K, 0% used [0x00000000eab00000,0x00000000eab00000,0x00000000ed580000)
  from space 6656K, 75% used [0x00000000ed580000,0x00000000eda629b0,0x00000000edc00000)
  to   space 7168K, 0% used [0x00000000eee00000,0x00000000eee00000,0x00000000ef500000)
 ParOldGen       total 32768K, used 8970K [0x00000000c0000000, 0x00000000c2000000, 0x00000000eab00000)
  object space 32768K, 27% used [0x00000000c0000000,0x00000000c08c2b10,0x00000000c2000000)
 Metaspace       used 24955K, capacity 25658K, committed 25856K, reserved 1071104K
  class space    used 3272K, capacity 3518K, committed 3584K, reserved 1048576K
}
Event: 40.355 GC heap before
{Heap before GC invocations=17 (full 1):
 PSYoungGen      total 50176K, used 48522K [0x00000000eab00000, 0x00000000ef500000, 0x0000000100000000)
  eden space 43520K, 100% used [0x00000000eab00000,0x00000000ed580000,0x00000000ed580000)
  from space 6656K, 75% used [0x00000000ed580000,0x00000000eda629b0,0x00000000edc00000)
  to   space 7168K, 0% used [0x00000000eee00000,0x00000000eee00000,0x00000000ef500000)
 ParOldGen       total 32768K, used 8970K [0x00000000c0000000, 0x00000000c2000000, 0x00000000eab00000)
  object space 32768K, 27% used [0x00000000c0000000,0x00000000c08c2b10,0x00000000c2000000)
 Metaspace       used 28244K, capacity 28946K, committed 29056K, reserved 1075200K
  class space    used 3660K, capacity 3906K, committed 3968K, reserved 1048576K
Event: 40.384 GC heap after
Heap after GC invocations=17 (full 1):
 PSYoungGen      total 67584K, used 3117K [0x00000000eab00000, 0x00000000ef480000, 0x0000000100000000)
  eden space 60928K, 0% used [0x00000000eab00000,0x00000000eab00000,0x00000000ee680000)
  from space 6656K, 46% used [0x00000000eee00000,0x00000000ef10b468,0x00000000ef480000)
  to   space 7168K, 0% used [0x00000000ee680000,0x00000000ee680000,0x00000000eed80000)
 ParOldGen       total 32768K, used 12270K [0x00000000c0000000, 0x00000000c2000000, 0x00000000eab00000)
  object space 32768K, 37% used [0x00000000c0000000,0x00000000c0bfb9c0,0x00000000c2000000)
 Metaspace       used 28244K, capacity 28946K, committed 29056K, reserved 1075200K
  class space    used 3660K, capacity 3906K, committed 3968K, reserved 1048576K
}
Event: 46.265 GC heap before
{Heap before GC invocations=18 (full 1):
 PSYoungGen      total 67584K, used 64045K [0x00000000eab00000, 0x00000000ef480000, 0x0000000100000000)
  eden space 60928K, 100% used [0x00000000eab00000,0x00000000ee680000,0x00000000ee680000)
  from space 6656K, 46% used [0x00000000eee00000,0x00000000ef10b468,0x00000000ef480000)
  to   space 7168K, 0% used [0x00000000ee680000,0x00000000ee680000,0x00000000eed80000)
 ParOldGen       total 32768K, used 12270K [0x00000000c0000000, 0x00000000c2000000, 0x00000000eab00000)
  object space 32768K, 37% used [0x00000000c0000000,0x00000000c0bfb9c0,0x00000000c2000000)
 Metaspace       used 31830K, capacity 32752K, committed 33024K, reserved 1077248K
  class space    used 4171K, capacity 4514K, committed 4608K, reserved 1048576K
Event: 46.287 GC heap after
Heap after GC invocations=18 (full 1):
 PSYoungGen      total 68096K, used 7148K [0x00000000eab00000, 0x00000000f0680000, 0x0000000100000000)
  eden space 60928K, 0% used [0x00000000eab00000,0x00000000eab00000,0x00000000ee680000)
  from space 7168K, 99% used [0x00000000ee680000,0x00000000eed7b190,0x00000000eed80000)
  to   space 8704K, 0% used [0x00000000efe00000,0x00000000efe00000,0x00000000f0680000)
 ParOldGen       total 32768K, used 13803K [0x00000000c0000000, 0x00000000c2000000, 0x00000000eab00000)
  object space 32768K, 42% used [0x00000000c0000000,0x00000000c0d7afb8,0x00000000c2000000)
 Metaspace       used 31830K, capacity 32752K, committed 33024K, reserved 1077248K
  class space    used 4171K, capacity 4514K, committed 4608K, reserved 1048576K
}
Event: 50.680 GC heap before
{Heap before GC invocations=19 (full 1):
 PSYoungGen      total 68096K, used 64268K [0x00000000eab00000, 0x00000000f0680000, 0x0000000100000000)
  eden space 60928K, 93% used [0x00000000eab00000,0x00000000ee2c8020,0x00000000ee680000)
  from space 7168K, 99% used [0x00000000ee680000,0x00000000eed7b190,0x00000000eed80000)
  to   space 8704K, 0% used [0x00000000efe00000,0x00000000efe00000,0x00000000f0680000)
 ParOldGen       total 32768K, used 13803K [0x00000000c0000000, 0x00000000c2000000, 0x00000000eab00000)
  object space 32768K, 42% used [0x00000000c0000000,0x00000000c0d7afb8,0x00000000c2000000)
 Metaspace       used 34170K, capacity 35434K, committed 35496K, reserved 1079296K
  class space    used 4533K, capacity 5012K, committed 5032K, reserved 1048576K
Event: 50.752 GC heap after
Heap after GC invocations=19 (full 1):
 PSYoungGen      total 83456K, used 8152K [0x00000000eab00000, 0x00000000f0a80000, 0x0000000100000000)
  eden space 74752K, 0% used [0x00000000eab00000,0x00000000eab00000,0x00000000ef400000)
  from space 8704K, 93% used [0x00000000efe00000,0x00000000f05f61f0,0x00000000f0680000)
  to   space 10240K, 0% used [0x00000000ef400000,0x00000000ef400000,0x00000000efe00000)
 ParOldGen       total 32768K, used 19201K [0x00000000c0000000, 0x00000000c2000000, 0x00000000eab00000)
  object space 32768K, 58% used [0x00000000c0000000,0x00000000c12c0410,0x00000000c2000000)
 Metaspace       used 34170K, capacity 35434K, committed 35496K, reserved 1079296K
  class space    used 4533K, capacity 5012K, committed 5032K, reserved 1048576K
}
Event: 50.752 GC heap before
{Heap before GC invocations=20 (full 2):
 PSYoungGen      total 83456K, used 8152K [0x00000000eab00000, 0x00000000f0a80000, 0x0000000100000000)
  eden space 74752K, 0% used [0x00000000eab00000,0x00000000eab00000,0x00000000ef400000)
  from space 8704K, 93% used [0x00000000efe00000,0x00000000f05f61f0,0x00000000f0680000)
  to   space 10240K, 0% used [0x00000000ef400000,0x00000000ef400000,0x00000000efe00000)
 ParOldGen       total 32768K, used 19201K [0x00000000c0000000, 0x00000000c2000000, 0x00000000eab00000)
  object space 32768K, 58% used [0x00000000c0000000,0x00000000c12c0410,0x00000000c2000000)
 Metaspace       used 34170K, capacity 35434K, committed 35496K, reserved 1079296K
  class space    used 4533K, capacity 5012K, committed 5032K, reserved 1048576K
Event: 51.280 GC heap after
Heap after GC invocations=20 (full 2):
 PSYoungGen      total 83456K, used 0K [0x00000000eab00000, 0x00000000f0a80000, 0x0000000100000000)
  eden space 74752K, 0% used [0x00000000eab00000,0x00000000eab00000,0x00000000ef400000)
  from space 8704K, 0% used [0x00000000efe00000,0x00000000efe00000,0x00000000f0680000)
  to   space 10240K, 0% used [0x00000000ef400000,0x00000000ef400000,0x00000000efe00000)
 ParOldGen       total 67584K, used 25588K [0x00000000c0000000, 0x00000000c4200000, 0x00000000eab00000)
  object space 67584K, 37% used [0x00000000c0000000,0x00000000c18fd158,0x00000000c4200000)
 Metaspace       used 34170K, capacity 35434K, committed 35496K, reserved 1079296K
  class space    used 4533K, capacity 5012K, committed 5032K, reserved 1048576K
}

